build/app/intermediates/manifest_merge_blame_file/debug/manifest-merger-blame-debug-report.txt
1<?xml version="1.0" encoding="utf-8"?>
2<manifest xmlns:android="http://schemas.android.com/apk/res/android"
3    package="com.eventhub.app"
4    android:versionCode="1"
5    android:versionName="1.0.0" >
6
7    <uses-sdk
8        android:minSdkVersion="26"
9        android:targetSdkVersion="35" />
10    <!--
11         The INTERNET permission is required for development. Specifically,
12         the Flutter tool needs it to communicate with the running application
13         to allow setting breakpoints, to provide hot reload, etc.
14    -->
15    <uses-permission android:name="android.permission.INTERNET" />
15-->src\main\AndroidManifest.xml:4:5-66
15-->src\main\AndroidManifest.xml:4:22-64
16    <uses-permission android:name="android.permission.RECORD_AUDIO" />
16-->src\main\AndroidManifest.xml:5:5-70
16-->src\main\AndroidManifest.xml:5:22-68
17    <uses-permission android:name="android.permission.ACTIVITY_RECOGNITION" />
17-->src\main\AndroidManifest.xml:6:5-78
17-->src\main\AndroidManifest.xml:6:22-76
18    <uses-permission android:name="android.permission.BODY_SENSORS" />
18-->src\main\AndroidManifest.xml:7:5-70
18-->src\main\AndroidManifest.xml:7:22-68
19    <!--
20 Required to query activities that can process text, see:
21         https://developer.android.com/training/package-visibility and
22         https://developer.android.com/reference/android/content/Intent#ACTION_PROCESS_TEXT.
23
24         In particular, this is used by the Flutter engine in io.flutter.plugin.text.ProcessTextPlugin.
25    -->
26    <queries>
26-->src\main\AndroidManifest.xml:60:5-65:15
27        <intent>
27-->src\main\AndroidManifest.xml:61:9-64:18
28            <action android:name="android.intent.action.PROCESS_TEXT" />
28-->src\main\AndroidManifest.xml:62:13-72
28-->src\main\AndroidManifest.xml:62:21-70
29
30            <data android:mimeType="text/plain" />
30-->src\main\AndroidManifest.xml:63:13-50
30-->src\main\AndroidManifest.xml:63:19-48
31        </intent>
32    </queries>
33
34    <uses-permission android:name="android.permission.ACCESS_NETWORK_STATE" />
34-->[:connectivity_plus] AndroidManifest.xml:7:5-79
34-->[:connectivity_plus] AndroidManifest.xml:7:22-76
35    <uses-permission android:name="android.permission.CAMERA" />
35-->[:mobile_scanner] AndroidManifest.xml:7:5-65
35-->[:mobile_scanner] AndroidManifest.xml:7:22-62
36
37    <uses-feature
37-->[:mobile_scanner] AndroidManifest.xml:9:5-11:36
38        android:name="android.hardware.camera"
38-->[:mobile_scanner] AndroidManifest.xml:10:9-47
39        android:required="false" />
39-->[:mobile_scanner] AndroidManifest.xml:11:9-33
40
41    <uses-permission android:name="com.google.android.providers.gsf.permission.READ_GSERVICES" />
41-->[com.google.android.recaptcha:recaptcha:18.6.1] AndroidManifest.xml:9:5-98
41-->[com.google.android.recaptcha:recaptcha:18.6.1] AndroidManifest.xml:9:22-95
42
43    <permission
43-->[androidx.core:core:1.13.1] AndroidManifest.xml:22:5-24:47
44        android:name="com.eventhub.app.DYNAMIC_RECEIVER_NOT_EXPORTED_PERMISSION"
44-->[androidx.core:core:1.13.1] AndroidManifest.xml:23:9-81
45        android:protectionLevel="signature" />
45-->[androidx.core:core:1.13.1] AndroidManifest.xml:24:9-44
46
47    <uses-permission android:name="com.eventhub.app.DYNAMIC_RECEIVER_NOT_EXPORTED_PERMISSION" />
47-->[androidx.core:core:1.13.1] AndroidManifest.xml:26:5-97
47-->[androidx.core:core:1.13.1] AndroidManifest.xml:26:22-94
48
49    <application
50        android:name="android.app.Application"
51        android:appComponentFactory="androidx.core.app.CoreComponentFactory"
51-->[androidx.core:core:1.13.1] AndroidManifest.xml:28:18-86
52        android:debuggable="true"
53        android:extractNativeLibs="false"
54        android:icon="@mipmap/ic_launcher"
55        android:label="EventHub"
56        android:networkSecurityConfig="@xml/network_security_config" >
57        <activity
58            android:name="com.eventhub.app.MainActivity"
59            android:configChanges="orientation|keyboardHidden|keyboard|screenSize|smallestScreenSize|locale|layoutDirection|fontScale|screenLayout|density|uiMode"
60            android:exported="true"
61            android:hardwareAccelerated="true"
62            android:launchMode="singleTop"
63            android:taskAffinity=""
64            android:theme="@style/LaunchTheme"
65            android:windowSoftInputMode="adjustResize" >
66
67            <!--
68                 Specifies an Android theme to apply to this Activity as soon as
69                 the Android process has started. This theme is visible to the user
70                 while the Flutter UI initializes. After that, this theme continues
71                 to determine the Window background behind the Flutter UI.
72            -->
73            <meta-data
74                android:name="io.flutter.embedding.android.NormalTheme"
75                android:resource="@style/NormalTheme" />
76
77            <intent-filter>
78                <action android:name="android.intent.action.MAIN" />
79
80                <category android:name="android.intent.category.LAUNCHER" />
81            </intent-filter>
82        </activity>
83        <!--
84             Don't delete the meta-data below.
85             This is used by the Flutter tool to generate GeneratedPluginRegistrant.java
86        -->
87        <meta-data
88            android:name="flutterEmbedding"
89            android:value="2" />
90
91        <!-- Google Sign-In configuration -->
92        <meta-data
93            android:name="com.google.android.gms.version"
94            android:value="@integer/google_play_services_version" />
95
96        <!-- Google Sign-In OAuth client ID -->
97        <meta-data
98            android:name="io.flutter.plugins.googlesignin.client_id"
99            android:value="633714128030-5o8oa06g6o2naskp0d68v3dlipgqnehl.apps.googleusercontent.com" />
100        <!-- Google Fit APP_ID for health data integration -->
101        <meta-data
102            android:name="com.google.android.gms.fitness.APP_ID"
103            android:value="@string/app_id" />
104
105        <service
105-->[:cloud_firestore] AndroidManifest.xml:8:9-12:19
106            android:name="com.google.firebase.components.ComponentDiscoveryService"
106-->[:cloud_firestore] AndroidManifest.xml:8:18-89
107            android:directBootAware="true"
107-->[com.google.firebase:firebase-common:21.0.0] AndroidManifest.xml:32:13-43
108            android:exported="false" >
108-->[com.google.firebase:firebase-auth:23.2.1] AndroidManifest.xml:68:13-37
109            <meta-data
109-->[:cloud_firestore] AndroidManifest.xml:9:13-11:85
110                android:name="com.google.firebase.components:io.flutter.plugins.firebase.firestore.FlutterFirebaseFirestoreRegistrar"
110-->[:cloud_firestore] AndroidManifest.xml:10:17-134
111                android:value="com.google.firebase.components.ComponentRegistrar" />
111-->[:cloud_firestore] AndroidManifest.xml:11:17-82
112            <meta-data
112-->[:firebase_auth] AndroidManifest.xml:9:13-11:85
113                android:name="com.google.firebase.components:io.flutter.plugins.firebase.auth.FlutterFirebaseAuthRegistrar"
113-->[:firebase_auth] AndroidManifest.xml:10:17-124
114                android:value="com.google.firebase.components.ComponentRegistrar" />
114-->[:firebase_auth] AndroidManifest.xml:11:17-82
115            <meta-data
115-->[:firebase_storage] AndroidManifest.xml:9:13-11:85
116                android:name="com.google.firebase.components:io.flutter.plugins.firebase.storage.FlutterFirebaseAppRegistrar"
116-->[:firebase_storage] AndroidManifest.xml:10:17-126
117                android:value="com.google.firebase.components.ComponentRegistrar" />
117-->[:firebase_storage] AndroidManifest.xml:11:17-82
118            <meta-data
118-->[:firebase_core] AndroidManifest.xml:9:13-11:85
119                android:name="com.google.firebase.components:io.flutter.plugins.firebase.core.FlutterFirebaseCoreRegistrar"
119-->[:firebase_core] AndroidManifest.xml:10:17-124
120                android:value="com.google.firebase.components.ComponentRegistrar" />
120-->[:firebase_core] AndroidManifest.xml:11:17-82
121            <meta-data
121-->[com.google.firebase:firebase-auth:23.2.1] AndroidManifest.xml:69:13-71:85
122                android:name="com.google.firebase.components:com.google.firebase.auth.FirebaseAuthRegistrar"
122-->[com.google.firebase:firebase-auth:23.2.1] AndroidManifest.xml:70:17-109
123                android:value="com.google.firebase.components.ComponentRegistrar" />
123-->[com.google.firebase:firebase-auth:23.2.1] AndroidManifest.xml:71:17-82
124            <meta-data
124-->[com.google.firebase:firebase-firestore:25.1.4] AndroidManifest.xml:17:13-19:85
125                android:name="com.google.firebase.components:com.google.firebase.firestore.FirebaseFirestoreKtxRegistrar"
125-->[com.google.firebase:firebase-firestore:25.1.4] AndroidManifest.xml:18:17-122
126                android:value="com.google.firebase.components.ComponentRegistrar" />
126-->[com.google.firebase:firebase-firestore:25.1.4] AndroidManifest.xml:19:17-82
127            <meta-data
127-->[com.google.firebase:firebase-firestore:25.1.4] AndroidManifest.xml:20:13-22:85
128                android:name="com.google.firebase.components:com.google.firebase.firestore.FirestoreRegistrar"
128-->[com.google.firebase:firebase-firestore:25.1.4] AndroidManifest.xml:21:17-111
129                android:value="com.google.firebase.components.ComponentRegistrar" />
129-->[com.google.firebase:firebase-firestore:25.1.4] AndroidManifest.xml:22:17-82
130            <meta-data
130-->[com.google.firebase:firebase-storage:21.0.2] AndroidManifest.xml:30:13-32:85
131                android:name="com.google.firebase.components:com.google.firebase.storage.FirebaseStorageKtxRegistrar"
131-->[com.google.firebase:firebase-storage:21.0.2] AndroidManifest.xml:31:17-118
132                android:value="com.google.firebase.components.ComponentRegistrar" />
132-->[com.google.firebase:firebase-storage:21.0.2] AndroidManifest.xml:32:17-82
133            <meta-data
133-->[com.google.firebase:firebase-storage:21.0.2] AndroidManifest.xml:33:13-35:85
134                android:name="com.google.firebase.components:com.google.firebase.storage.StorageRegistrar"
134-->[com.google.firebase:firebase-storage:21.0.2] AndroidManifest.xml:34:17-107
135                android:value="com.google.firebase.components.ComponentRegistrar" />
135-->[com.google.firebase:firebase-storage:21.0.2] AndroidManifest.xml:35:17-82
136            <meta-data
136-->[com.google.firebase:firebase-appcheck:18.0.0] AndroidManifest.xml:25:13-27:85
137                android:name="com.google.firebase.components:com.google.firebase.appcheck.FirebaseAppCheckKtxRegistrar"
137-->[com.google.firebase:firebase-appcheck:18.0.0] AndroidManifest.xml:26:17-120
138                android:value="com.google.firebase.components.ComponentRegistrar" />
138-->[com.google.firebase:firebase-appcheck:18.0.0] AndroidManifest.xml:27:17-82
139            <meta-data
139-->[com.google.firebase:firebase-appcheck:18.0.0] AndroidManifest.xml:28:13-30:85
140                android:name="com.google.firebase.components:com.google.firebase.appcheck.FirebaseAppCheckRegistrar"
140-->[com.google.firebase:firebase-appcheck:18.0.0] AndroidManifest.xml:29:17-117
141                android:value="com.google.firebase.components.ComponentRegistrar" />
141-->[com.google.firebase:firebase-appcheck:18.0.0] AndroidManifest.xml:30:17-82
142            <meta-data
142-->[com.google.firebase:firebase-common-ktx:21.0.0] AndroidManifest.xml:12:13-14:85
143                android:name="com.google.firebase.components:com.google.firebase.ktx.FirebaseCommonLegacyRegistrar"
143-->[com.google.firebase:firebase-common-ktx:21.0.0] AndroidManifest.xml:13:17-116
144                android:value="com.google.firebase.components.ComponentRegistrar" />
144-->[com.google.firebase:firebase-common-ktx:21.0.0] AndroidManifest.xml:14:17-82
145            <meta-data
145-->[com.google.firebase:firebase-common:21.0.0] AndroidManifest.xml:35:13-37:85
146                android:name="com.google.firebase.components:com.google.firebase.FirebaseCommonKtxRegistrar"
146-->[com.google.firebase:firebase-common:21.0.0] AndroidManifest.xml:36:17-109
147                android:value="com.google.firebase.components.ComponentRegistrar" />
147-->[com.google.firebase:firebase-common:21.0.0] AndroidManifest.xml:37:17-82
148        </service>
149
150        <provider
150-->[:image_picker_android] AndroidManifest.xml:9:9-17:20
151            android:name="io.flutter.plugins.imagepicker.ImagePickerFileProvider"
151-->[:image_picker_android] AndroidManifest.xml:10:13-82
152            android:authorities="com.eventhub.app.flutter.image_provider"
152-->[:image_picker_android] AndroidManifest.xml:11:13-74
153            android:exported="false"
153-->[:image_picker_android] AndroidManifest.xml:12:13-37
154            android:grantUriPermissions="true" >
154-->[:image_picker_android] AndroidManifest.xml:13:13-47
155            <meta-data
155-->[:image_picker_android] AndroidManifest.xml:14:13-16:75
156                android:name="android.support.FILE_PROVIDER_PATHS"
156-->[:image_picker_android] AndroidManifest.xml:15:17-67
157                android:resource="@xml/flutter_image_picker_file_paths" />
157-->[:image_picker_android] AndroidManifest.xml:16:17-72
158        </provider> <!-- Trigger Google Play services to install the backported photo picker module. -->
159        <service
159-->[:image_picker_android] AndroidManifest.xml:19:9-31:19
160            android:name="com.google.android.gms.metadata.ModuleDependencies"
160-->[:image_picker_android] AndroidManifest.xml:20:13-78
161            android:enabled="false"
161-->[:image_picker_android] AndroidManifest.xml:21:13-36
162            android:exported="false" >
162-->[:image_picker_android] AndroidManifest.xml:22:13-37
163            <intent-filter>
163-->[:image_picker_android] AndroidManifest.xml:24:13-26:29
164                <action android:name="com.google.android.gms.metadata.MODULE_DEPENDENCIES" />
164-->[:image_picker_android] AndroidManifest.xml:25:17-94
164-->[:image_picker_android] AndroidManifest.xml:25:25-91
165            </intent-filter>
166
167            <meta-data
167-->[:image_picker_android] AndroidManifest.xml:28:13-30:36
168                android:name="photopicker_activity:0:required"
168-->[:image_picker_android] AndroidManifest.xml:29:17-63
169                android:value="" />
169-->[:image_picker_android] AndroidManifest.xml:30:17-33
170        </service>
171        <service
171-->[androidx.health.connect:connect-client:1.1.0-alpha11] AndroidManifest.xml:24:9-32:19
172            android:name="androidx.health.platform.client.impl.sdkservice.HealthDataSdkService"
172-->[androidx.health.connect:connect-client:1.1.0-alpha11] AndroidManifest.xml:25:13-96
173            android:enabled="true"
173-->[androidx.health.connect:connect-client:1.1.0-alpha11] AndroidManifest.xml:26:13-35
174            android:exported="true" >
174-->[androidx.health.connect:connect-client:1.1.0-alpha11] AndroidManifest.xml:27:13-36
175            <intent-filter>
175-->[androidx.health.connect:connect-client:1.1.0-alpha11] AndroidManifest.xml:29:13-31:29
176                <action android:name="androidx.health.platform.client.ACTION_BIND_SDK_SERVICE" />
176-->[androidx.health.connect:connect-client:1.1.0-alpha11] AndroidManifest.xml:30:17-98
176-->[androidx.health.connect:connect-client:1.1.0-alpha11] AndroidManifest.xml:30:25-95
177            </intent-filter>
178        </service>
179        <!--
180        Service for holding metadata. Cannot be instantiated.
181        Metadata will be merged from other manifests.
182        -->
183        <service
183-->[androidx.camera:camera-core:1.3.3] AndroidManifest.xml:29:9-33:78
184            android:name="androidx.camera.core.impl.MetadataHolderService"
184-->[androidx.camera:camera-core:1.3.3] AndroidManifest.xml:30:13-75
185            android:enabled="false"
185-->[androidx.camera:camera-core:1.3.3] AndroidManifest.xml:31:13-36
186            android:exported="false" >
186-->[androidx.camera:camera-core:1.3.3] AndroidManifest.xml:32:13-37
187            <meta-data
187-->[androidx.camera:camera-camera2:1.3.3] AndroidManifest.xml:30:13-32:89
188                android:name="androidx.camera.core.impl.MetadataHolderService.DEFAULT_CONFIG_PROVIDER"
188-->[androidx.camera:camera-camera2:1.3.3] AndroidManifest.xml:31:17-103
189                android:value="androidx.camera.camera2.Camera2Config$DefaultProvider" />
189-->[androidx.camera:camera-camera2:1.3.3] AndroidManifest.xml:32:17-86
190        </service>
191
192        <activity
192-->[com.google.firebase:firebase-auth:23.2.1] AndroidManifest.xml:29:9-46:20
193            android:name="com.google.firebase.auth.internal.GenericIdpActivity"
193-->[com.google.firebase:firebase-auth:23.2.1] AndroidManifest.xml:30:13-80
194            android:excludeFromRecents="true"
194-->[com.google.firebase:firebase-auth:23.2.1] AndroidManifest.xml:31:13-46
195            android:exported="true"
195-->[com.google.firebase:firebase-auth:23.2.1] AndroidManifest.xml:32:13-36
196            android:launchMode="singleTask"
196-->[com.google.firebase:firebase-auth:23.2.1] AndroidManifest.xml:33:13-44
197            android:theme="@android:style/Theme.Translucent.NoTitleBar" >
197-->[com.google.firebase:firebase-auth:23.2.1] AndroidManifest.xml:34:13-72
198            <intent-filter>
198-->[com.google.firebase:firebase-auth:23.2.1] AndroidManifest.xml:35:13-45:29
199                <action android:name="android.intent.action.VIEW" />
199-->[com.google.firebase:firebase-auth:23.2.1] AndroidManifest.xml:36:17-69
199-->[com.google.firebase:firebase-auth:23.2.1] AndroidManifest.xml:36:25-66
200
201                <category android:name="android.intent.category.DEFAULT" />
201-->[com.google.firebase:firebase-auth:23.2.1] AndroidManifest.xml:38:17-76
201-->[com.google.firebase:firebase-auth:23.2.1] AndroidManifest.xml:38:27-73
202                <category android:name="android.intent.category.BROWSABLE" />
202-->[com.google.firebase:firebase-auth:23.2.1] AndroidManifest.xml:39:17-78
202-->[com.google.firebase:firebase-auth:23.2.1] AndroidManifest.xml:39:27-75
203
204                <data
204-->src\main\AndroidManifest.xml:63:13-50
205                    android:host="firebase.auth"
206                    android:path="/"
207                    android:scheme="genericidp" />
208            </intent-filter>
209        </activity>
210        <activity
210-->[com.google.firebase:firebase-auth:23.2.1] AndroidManifest.xml:47:9-64:20
211            android:name="com.google.firebase.auth.internal.RecaptchaActivity"
211-->[com.google.firebase:firebase-auth:23.2.1] AndroidManifest.xml:48:13-79
212            android:excludeFromRecents="true"
212-->[com.google.firebase:firebase-auth:23.2.1] AndroidManifest.xml:49:13-46
213            android:exported="true"
213-->[com.google.firebase:firebase-auth:23.2.1] AndroidManifest.xml:50:13-36
214            android:launchMode="singleTask"
214-->[com.google.firebase:firebase-auth:23.2.1] AndroidManifest.xml:51:13-44
215            android:theme="@android:style/Theme.Translucent.NoTitleBar" >
215-->[com.google.firebase:firebase-auth:23.2.1] AndroidManifest.xml:52:13-72
216            <intent-filter>
216-->[com.google.firebase:firebase-auth:23.2.1] AndroidManifest.xml:53:13-63:29
217                <action android:name="android.intent.action.VIEW" />
217-->[com.google.firebase:firebase-auth:23.2.1] AndroidManifest.xml:36:17-69
217-->[com.google.firebase:firebase-auth:23.2.1] AndroidManifest.xml:36:25-66
218
219                <category android:name="android.intent.category.DEFAULT" />
219-->[com.google.firebase:firebase-auth:23.2.1] AndroidManifest.xml:38:17-76
219-->[com.google.firebase:firebase-auth:23.2.1] AndroidManifest.xml:38:27-73
220                <category android:name="android.intent.category.BROWSABLE" />
220-->[com.google.firebase:firebase-auth:23.2.1] AndroidManifest.xml:39:17-78
220-->[com.google.firebase:firebase-auth:23.2.1] AndroidManifest.xml:39:27-75
221
222                <data
222-->src\main\AndroidManifest.xml:63:13-50
223                    android:host="firebase.auth"
224                    android:path="/"
225                    android:scheme="recaptcha" />
226            </intent-filter>
227        </activity>
228
229        <service
229-->[androidx.credentials:credentials-play-services-auth:1.2.0-rc01] AndroidManifest.xml:24:9-32:19
230            android:name="androidx.credentials.playservices.CredentialProviderMetadataHolder"
230-->[androidx.credentials:credentials-play-services-auth:1.2.0-rc01] AndroidManifest.xml:25:13-94
231            android:enabled="true"
231-->[androidx.credentials:credentials-play-services-auth:1.2.0-rc01] AndroidManifest.xml:26:13-35
232            android:exported="false" >
232-->[androidx.credentials:credentials-play-services-auth:1.2.0-rc01] AndroidManifest.xml:27:13-37
233            <meta-data
233-->[androidx.credentials:credentials-play-services-auth:1.2.0-rc01] AndroidManifest.xml:29:13-31:104
234                android:name="androidx.credentials.CREDENTIAL_PROVIDER_KEY"
234-->[androidx.credentials:credentials-play-services-auth:1.2.0-rc01] AndroidManifest.xml:30:17-76
235                android:value="androidx.credentials.playservices.CredentialProviderPlayServicesImpl" />
235-->[androidx.credentials:credentials-play-services-auth:1.2.0-rc01] AndroidManifest.xml:31:17-101
236        </service>
237
238        <activity
238-->[androidx.credentials:credentials-play-services-auth:1.2.0-rc01] AndroidManifest.xml:34:9-41:20
239            android:name="androidx.credentials.playservices.HiddenActivity"
239-->[androidx.credentials:credentials-play-services-auth:1.2.0-rc01] AndroidManifest.xml:35:13-76
240            android:configChanges="orientation|screenSize|screenLayout|keyboardHidden"
240-->[androidx.credentials:credentials-play-services-auth:1.2.0-rc01] AndroidManifest.xml:36:13-87
241            android:enabled="true"
241-->[androidx.credentials:credentials-play-services-auth:1.2.0-rc01] AndroidManifest.xml:37:13-35
242            android:exported="false"
242-->[androidx.credentials:credentials-play-services-auth:1.2.0-rc01] AndroidManifest.xml:38:13-37
243            android:fitsSystemWindows="true"
243-->[androidx.credentials:credentials-play-services-auth:1.2.0-rc01] AndroidManifest.xml:39:13-45
244            android:theme="@style/Theme.Hidden" >
244-->[androidx.credentials:credentials-play-services-auth:1.2.0-rc01] AndroidManifest.xml:40:13-48
245        </activity>
246        <activity
246-->[com.google.android.gms:play-services-auth:21.0.0] AndroidManifest.xml:23:9-27:75
247            android:name="com.google.android.gms.auth.api.signin.internal.SignInHubActivity"
247-->[com.google.android.gms:play-services-auth:21.0.0] AndroidManifest.xml:24:13-93
248            android:excludeFromRecents="true"
248-->[com.google.android.gms:play-services-auth:21.0.0] AndroidManifest.xml:25:13-46
249            android:exported="false"
249-->[com.google.android.gms:play-services-auth:21.0.0] AndroidManifest.xml:26:13-37
250            android:theme="@android:style/Theme.Translucent.NoTitleBar" />
250-->[com.google.android.gms:play-services-auth:21.0.0] AndroidManifest.xml:27:13-72
251        <!--
252            Service handling Google Sign-In user revocation. For apps that do not integrate with
253            Google Sign-In, this service will never be started.
254        -->
255        <service
255-->[com.google.android.gms:play-services-auth:21.0.0] AndroidManifest.xml:33:9-37:51
256            android:name="com.google.android.gms.auth.api.signin.RevocationBoundService"
256-->[com.google.android.gms:play-services-auth:21.0.0] AndroidManifest.xml:34:13-89
257            android:exported="true"
257-->[com.google.android.gms:play-services-auth:21.0.0] AndroidManifest.xml:35:13-36
258            android:permission="com.google.android.gms.auth.api.signin.permission.REVOCATION_NOTIFICATION"
258-->[com.google.android.gms:play-services-auth:21.0.0] AndroidManifest.xml:36:13-107
259            android:visibleToInstantApps="true" />
259-->[com.google.android.gms:play-services-auth:21.0.0] AndroidManifest.xml:37:13-48
260
261        <provider
261-->[com.google.firebase:firebase-common:21.0.0] AndroidManifest.xml:23:9-28:39
262            android:name="com.google.firebase.provider.FirebaseInitProvider"
262-->[com.google.firebase:firebase-common:21.0.0] AndroidManifest.xml:24:13-77
263            android:authorities="com.eventhub.app.firebaseinitprovider"
263-->[com.google.firebase:firebase-common:21.0.0] AndroidManifest.xml:25:13-72
264            android:directBootAware="true"
264-->[com.google.firebase:firebase-common:21.0.0] AndroidManifest.xml:26:13-43
265            android:exported="false"
265-->[com.google.firebase:firebase-common:21.0.0] AndroidManifest.xml:27:13-37
266            android:initOrder="100" />
266-->[com.google.firebase:firebase-common:21.0.0] AndroidManifest.xml:28:13-36
267
268        <service
268-->[com.google.android.gms:play-services-mlkit-barcode-scanning:18.3.0] AndroidManifest.xml:9:9-15:19
269            android:name="com.google.mlkit.common.internal.MlKitComponentDiscoveryService"
269-->[com.google.android.gms:play-services-mlkit-barcode-scanning:18.3.0] AndroidManifest.xml:10:13-91
270            android:directBootAware="true"
270-->[com.google.mlkit:common:18.9.0] AndroidManifest.xml:17:13-43
271            android:exported="false" >
271-->[com.google.android.gms:play-services-mlkit-barcode-scanning:18.3.0] AndroidManifest.xml:11:13-37
272            <meta-data
272-->[com.google.android.gms:play-services-mlkit-barcode-scanning:18.3.0] AndroidManifest.xml:12:13-14:85
273                android:name="com.google.firebase.components:com.google.mlkit.vision.barcode.internal.BarcodeRegistrar"
273-->[com.google.android.gms:play-services-mlkit-barcode-scanning:18.3.0] AndroidManifest.xml:13:17-120
274                android:value="com.google.firebase.components.ComponentRegistrar" />
274-->[com.google.android.gms:play-services-mlkit-barcode-scanning:18.3.0] AndroidManifest.xml:14:17-82
275            <meta-data
275-->[com.google.mlkit:vision-common:17.3.0] AndroidManifest.xml:12:13-14:85
276                android:name="com.google.firebase.components:com.google.mlkit.vision.common.internal.VisionCommonRegistrar"
276-->[com.google.mlkit:vision-common:17.3.0] AndroidManifest.xml:13:17-124
277                android:value="com.google.firebase.components.ComponentRegistrar" />
277-->[com.google.mlkit:vision-common:17.3.0] AndroidManifest.xml:14:17-82
278            <meta-data
278-->[com.google.mlkit:common:18.9.0] AndroidManifest.xml:20:13-22:85
279                android:name="com.google.firebase.components:com.google.mlkit.common.internal.CommonComponentRegistrar"
279-->[com.google.mlkit:common:18.9.0] AndroidManifest.xml:21:17-120
280                android:value="com.google.firebase.components.ComponentRegistrar" />
280-->[com.google.mlkit:common:18.9.0] AndroidManifest.xml:22:17-82
281        </service>
282
283        <provider
283-->[com.google.mlkit:common:18.9.0] AndroidManifest.xml:9:9-13:38
284            android:name="com.google.mlkit.common.internal.MlKitInitProvider"
284-->[com.google.mlkit:common:18.9.0] AndroidManifest.xml:10:13-78
285            android:authorities="com.eventhub.app.mlkitinitprovider"
285-->[com.google.mlkit:common:18.9.0] AndroidManifest.xml:11:13-69
286            android:exported="false"
286-->[com.google.mlkit:common:18.9.0] AndroidManifest.xml:12:13-37
287            android:initOrder="99" />
287-->[com.google.mlkit:common:18.9.0] AndroidManifest.xml:13:13-35
288
289        <activity
289-->[com.google.android.gms:play-services-base:18.1.0] AndroidManifest.xml:20:9-22:45
290            android:name="com.google.android.gms.common.api.GoogleApiActivity"
290-->[com.google.android.gms:play-services-base:18.1.0] AndroidManifest.xml:20:19-85
291            android:exported="false"
291-->[com.google.android.gms:play-services-base:18.1.0] AndroidManifest.xml:22:19-43
292            android:theme="@android:style/Theme.Translucent.NoTitleBar" />
292-->[com.google.android.gms:play-services-base:18.1.0] AndroidManifest.xml:21:19-78
293
294        <uses-library
294-->[androidx.window:window:1.2.0] AndroidManifest.xml:23:9-25:40
295            android:name="androidx.window.extensions"
295-->[androidx.window:window:1.2.0] AndroidManifest.xml:24:13-54
296            android:required="false" />
296-->[androidx.window:window:1.2.0] AndroidManifest.xml:25:13-37
297        <uses-library
297-->[androidx.window:window:1.2.0] AndroidManifest.xml:26:9-28:40
298            android:name="androidx.window.sidecar"
298-->[androidx.window:window:1.2.0] AndroidManifest.xml:27:13-51
299            android:required="false" />
299-->[androidx.window:window:1.2.0] AndroidManifest.xml:28:13-37
300
301        <provider
301-->[androidx.lifecycle:lifecycle-process:2.7.0] AndroidManifest.xml:24:9-32:20
302            android:name="androidx.startup.InitializationProvider"
302-->[androidx.lifecycle:lifecycle-process:2.7.0] AndroidManifest.xml:25:13-67
303            android:authorities="com.eventhub.app.androidx-startup"
303-->[androidx.lifecycle:lifecycle-process:2.7.0] AndroidManifest.xml:26:13-68
304            android:exported="false" >
304-->[androidx.lifecycle:lifecycle-process:2.7.0] AndroidManifest.xml:27:13-37
305            <meta-data
305-->[androidx.lifecycle:lifecycle-process:2.7.0] AndroidManifest.xml:29:13-31:52
306                android:name="androidx.lifecycle.ProcessLifecycleInitializer"
306-->[androidx.lifecycle:lifecycle-process:2.7.0] AndroidManifest.xml:30:17-78
307                android:value="androidx.startup" />